#
# There is insufficient memory for the Java Runtime Environment to continue.
# Native memory allocation (mmap) failed to map 4161536 bytes for G1 virtual space
# Possible reasons:
#   The system is out of physical RAM or swap space
#   The process is running with CompressedOops enabled, and the Java Heap may be blocking the growth of the native heap
# Possible solutions:
#   Reduce memory load on the system
#   Increase physical memory or swap space
#   Check if swap backing store is full
#   Decrease Java heap size (-Xmx/-Xms)
#   Decrease number of Java threads
#   Decrease Java thread stack sizes (-Xss)
#   Set larger code cache with -XX:ReservedCodeCacheSize=
#   JVM is running with Zero Based Compressed Oops mode in which the Java heap is
#     placed in the first 32GB address space. The Java Heap base address is the
#     maximum limit for the native heap growth. Please use -XX:HeapBaseMinAddress
#     to set the Java Heap base and to place the Java Heap above 32GB virtual address.
# This output file may be truncated or incomplete.
#
#  Out of Memory Error (os_windows.cpp:3550), pid=7584, tid=2240
#
# JRE version:  (17.0.8+9) (build )
# Java VM: Java HotSpot(TM) 64-Bit Server VM (17.0.8+9-LTS-211, mixed mode, emulated-client, sharing, tiered, compressed oops, compressed class ptrs, g1 gc, windows-amd64)
# No core dump will be written. Minidumps are not enabled by default on client versions of Windows
#

---------------  S U M M A R Y ------------

Command Line: -XX:TieredStopAtLevel=1 -Dspring.output.ansi.enabled=always -Dcom.sun.management.jmxremote -Dspring.jmx.enabled=true -Dspring.liveBeansView.mbeanDomain -Dspring.application.admin.enabled=true -Dmanagement.endpoints.jmx.exposure.include=* -javaagent:C:\Program Files\JetBrains\IntelliJ IDEA 2024.1.1\lib\idea_rt.jar=49587:C:\Program Files\JetBrains\IntelliJ IDEA 2024.1.1\bin -Dfile.encoding=UTF-8 com.example.filmreviewapplication.FilmReviewApplication

Host: Intel(R) Core(TM) i5-6400 CPU @ 2.70GHz, 4 cores, 15G,  Windows 10 , 64 bit Build 19041 (10.0.19041.3636)
Time: Sun May 26 18:09:34 2024 Azerbaijan Standard Time elapsed time: 0.305833 seconds (0d 0h 0m 0s)

---------------  T H R E A D  ---------------

Current thread (0x000001a4e1d363e0):  JavaThread "Unknown thread" [_thread_in_vm, id=2240, stack(0x0000001476500000,0x0000001476600000)]

Stack: [0x0000001476500000,0x0000001476600000]
Native frames: (J=compiled Java code, j=interpreted, Vv=VM code, C=native code)
V  [jvm.dll+0x677d0a]
V  [jvm.dll+0x7d8c54]
V  [jvm.dll+0x7da3fe]
V  [jvm.dll+0x7daa63]
V  [jvm.dll+0x245c5f]
V  [jvm.dll+0x674bb9]
V  [jvm.dll+0x6694f2]
V  [jvm.dll+0x3031d6]
V  [jvm.dll+0x30a756]
V  [jvm.dll+0x359fc8]
V  [jvm.dll+0x35a1cf]
V  [jvm.dll+0x2da3e8]
V  [jvm.dll+0x2db354]
V  [jvm.dll+0x7aa711]
V  [jvm.dll+0x367b51]
V  [jvm.dll+0x789979]
V  [jvm.dll+0x3eb05f]
V  [jvm.dll+0x3ecae1]
C  [jli.dll+0x5297]
C  [ucrtbase.dll+0x21bb2]
C  [KERNEL32.DLL+0x17344]
C  [ntdll.dll+0x526b1]


---------------  P R O C E S S  ---------------

Threads class SMR info:
_java_thread_list=0x00007ffe74e259d8, length=0, elements={
}

Java Threads: ( => current thread )

Other Threads:
  0x000001a4e1da2830 GCTaskThread "GC Thread#0" [stack: 0x0000001476700000,0x0000001476800000] [id=17044]
  0x000001a4e1db4490 ConcurrentGCThread "G1 Main Marker" [stack: 0x0000001476800000,0x0000001476900000] [id=14488]
  0x000001a4e1db4db0 ConcurrentGCThread "G1 Conc#0" [stack: 0x0000001476900000,0x0000001476a00000] [id=1756]

[error occurred during error reporting (printing all threads), id 0xc0000005, EXCEPTION_ACCESS_VIOLATION (0xc0000005) at pc=0x00007ffe7465b047]

VM state: not at safepoint (not fully initialized)

VM Mutex/Monitor currently owned by a thread:  ([mutex/lock_event])
[0x000001a4e1d33370] Heap_lock - owner thread: 0x000001a4e1d363e0

Heap address: 0x0000000702000000, size: 4064 MB, Compressed Oops mode: Zero based, Oop shift amount: 3

CDS archive(s) mapped at: [0x0000000000000000-0x0000000000000000-0x0000000000000000), size 0, SharedBaseAddress: 0x0000000800000000, ArchiveRelocationMode: 1.
Narrow klass base: 0x0000000000000000, Narrow klass shift: 0, Narrow klass range: 0x0

GC Precious Log:
<Empty>

Heap:
 garbage-first heap   total 0K, used 0K [0x0000000702000000, 0x0000000800000000)
  region size 2048K, 0 young (0K), 0 survivors (0K)

[error occurred during error reporting (printing heap information), id 0xc0000005, EXCEPTION_ACCESS_VIOLATION (0xc0000005) at pc=0x00007ffe74a41499]

GC Heap History (0 events):
No events

Deoptimization events (0 events):
No events

Classes unloaded (0 events):
No events

Classes redefined (0 events):
No events

Internal exceptions (0 events):
No events

VM Operations (0 events):
No events

Events (1 events):
Event: 0.200 Loaded shared library D:\Program Files (x86)\bin\java.dll


Dynamic libraries:
0x00007ff7729f0000 - 0x00007ff772a00000 	D:\Program Files (x86)\bin\java.exe
0x00007ffec5c30000 - 0x00007ffec5e28000 	C:\Windows\SYSTEM32\ntdll.dll
0x00007ffec45e0000 - 0x00007ffec469d000 	C:\Windows\System32\KERNEL32.DLL
0x00007ffec3960000 - 0x00007ffec3c56000 	C:\Windows\System32\KERNELBASE.dll
0x00007ffec3730000 - 0x00007ffec3830000 	C:\Windows\System32\ucrtbase.dll
0x00007ffeaea40000 - 0x00007ffeaea59000 	D:\Program Files (x86)\bin\jli.dll
0x00007ffec46a0000 - 0x00007ffec4750000 	C:\Windows\System32\ADVAPI32.dll
0x00007ffec5840000 - 0x00007ffec58de000 	C:\Windows\System32\msvcrt.dll
0x00007ffec3c60000 - 0x00007ffec3d00000 	C:\Windows\System32\sechost.dll
0x00007ffec59c0000 - 0x00007ffec5ae3000 	C:\Windows\System32\RPCRT4.dll
0x00007ffec32e0000 - 0x00007ffec3307000 	C:\Windows\System32\bcrypt.dll
0x00007ffec4440000 - 0x00007ffec45df000 	C:\Windows\System32\USER32.dll
0x00007ffec3930000 - 0x00007ffec3952000 	C:\Windows\System32\win32u.dll
0x00007ffec5af0000 - 0x00007ffec5b1b000 	C:\Windows\System32\GDI32.dll
0x00007ffec3360000 - 0x00007ffec3477000 	C:\Windows\System32\gdi32full.dll
0x00007ffec3480000 - 0x00007ffec351d000 	C:\Windows\System32\msvcp_win.dll
0x00007ffeaea60000 - 0x00007ffeaea7b000 	D:\Program Files (x86)\bin\VCRUNTIME140.dll
0x00007ffeb0890000 - 0x00007ffeb0b2a000 	C:\Windows\WinSxS\amd64_microsoft.windows.common-controls_6595b64144ccf1df_6.0.19041.4355_none_60b8b9eb71f62e16\COMCTL32.dll
0x00007ffeb7820000 - 0x00007ffeb782a000 	C:\Windows\SYSTEM32\VERSION.dll
0x00007ffec5b20000 - 0x00007ffec5b52000 	C:\Windows\System32\IMM32.DLL
0x00007ffebd020000 - 0x00007ffebd02c000 	D:\Program Files (x86)\bin\vcruntime140_1.dll
0x00007ffeae900000 - 0x00007ffeae98e000 	D:\Program Files (x86)\bin\msvcp140.dll
0x00007ffe74370000 - 0x00007ffe74f4e000 	D:\Program Files (x86)\bin\server\jvm.dll
0x00007ffec47d0000 - 0x00007ffec47d8000 	C:\Windows\System32\PSAPI.DLL
0x00007ffea9c40000 - 0x00007ffea9c49000 	C:\Windows\SYSTEM32\WSOCK32.dll
0x00007ffec4750000 - 0x00007ffec47bb000 	C:\Windows\System32\WS2_32.dll
0x00007ffeb1c80000 - 0x00007ffeb1ca7000 	C:\Windows\SYSTEM32\WINMM.dll
0x00007ffec1180000 - 0x00007ffec1192000 	C:\Windows\SYSTEM32\kernel.appcore.dll
0x00007ffeb0210000 - 0x00007ffeb021a000 	D:\Program Files (x86)\bin\jimage.dll
0x00007ffeb0f60000 - 0x00007ffeb1144000 	C:\Windows\SYSTEM32\DBGHELP.DLL
0x00007ffe9bbe0000 - 0x00007ffe9bc14000 	C:\Windows\SYSTEM32\dbgcore.DLL
0x00007ffec38a0000 - 0x00007ffec3922000 	C:\Windows\System32\bcryptPrimitives.dll
0x00007ffeae8f0000 - 0x00007ffeae8fe000 	D:\Program Files (x86)\bin\instrument.dll
0x00007ffeae860000 - 0x00007ffeae885000 	D:\Program Files (x86)\bin\java.dll

dbghelp: loaded successfully - version: 4.0.5 - missing functions: none
symbol engine: initialized successfully - sym options: 0x614 - pdb path: .;D:\Program Files (x86)\bin;C:\Windows\SYSTEM32;C:\Windows\WinSxS\amd64_microsoft.windows.common-controls_6595b64144ccf1df_6.0.19041.4355_none_60b8b9eb71f62e16;D:\Program Files (x86)\bin\server

VM Arguments:
jvm_args: -XX:TieredStopAtLevel=1 -Dspring.output.ansi.enabled=always -Dcom.sun.management.jmxremote -Dspring.jmx.enabled=true -Dspring.liveBeansView.mbeanDomain -Dspring.application.admin.enabled=true -Dmanagement.endpoints.jmx.exposure.include=* -javaagent:C:\Program Files\JetBrains\IntelliJ IDEA 2024.1.1\lib\idea_rt.jar=49587:C:\Program Files\JetBrains\IntelliJ IDEA 2024.1.1\bin -Dfile.encoding=UTF-8 
java_command: com.example.filmreviewapplication.FilmReviewApplication
java_class_path (initial): C:\Users\TRENDSONIC\Desktop\Java\FilmReviewApplication\build\classes\java\main;C:\Users\TRENDSONIC\Desktop\Java\FilmReviewApplication\build\resources\main;C:\Users\TRENDSONIC\.gradle\caches\modules-2\files-2.1\org.projectlombok\lombok\1.18.32\17d46b3e205515e1e8efd3ee4d57ce8018914163\lombok-1.18.32.jar;C:\Users\TRENDSONIC\.gradle\caches\modules-2\files-2.1\org.springframework.boot\spring-boot-starter-web\3.2.5\664d75553c6af42122d4db645f4924a95084e382\spring-boot-starter-web-3.2.5.jar;C:\Users\TRENDSONIC\.gradle\caches\modules-2\files-2.1\org.springframework.boot\spring-boot-starter-data-jpa\3.2.5\99c1272c135f1c44b0c94ed0b65dca9b201323b7\spring-boot-starter-data-jpa-3.2.5.jar;C:\Users\TRENDSONIC\.gradle\caches\modules-2\files-2.1\org.postgresql\postgresql\42.7.3\24f3e9f7231428cd20eb4dde00dd3fce44e05464\postgresql-42.7.3.jar;C:\Users\TRENDSONIC\.gradle\caches\modules-2\files-2.1\org.springframework.boot\spring-boot-starter-json\3.2.5\6df311af4c242eb95c3526f48ab4f31c384a247e\spring-boot-starter-json-3.2.5.jar;C:\Users\TRENDSONIC\.gradle\caches\modules-2\files-2.1\org.springframework.boot\spring-boot-starter\3.2.5\a9837a876129cc6fe5f3abf1de5ec0a16faaf003\spring-boot-starter-3.2.5.jar;C:\Users\TRENDSONIC\.gradle\caches\modules-2\files-2.1\org.springframework.boot\spring-boot-starter-tomcat\3.2.5\a40ebfa6becb35b419b37e49e33b2822e22cf42a\spring-boot-starter-tomcat-3.2.5.jar;C:\Users\TRENDSONIC\.gradle\caches\modules-2\files-2.1\org.springframework\spring-webmvc\6.1.6\ef1f76db6d94bac428839cb91fa59235c8356e56\spring-webmvc-6.1.6.jar;C:\Users\TRENDSONIC\.gradle\caches\modules-2\files-2.1\org.springframework\spring-web\6.1.6\49a32e3497fe39550da3b280bda5d9933ae2d51d\spring-web-6.1.6.jar;C:\Users\TRENDSONIC\.gradle\caches\modules-2\files-2.1\org.springframework.boot\spring-boot-starter-aop\3.2.5\1c6c5d81e6c7f8b3e255c9e384153e9f52a93d1b\spring-boot-starter-aop-3.2.5.jar;C:\Users\TRENDSONIC\.gradle\caches\modules-2\files-2.1\org.springframework.boot\spr
Launcher Type: SUN_STANDARD

[Global flags]
     intx CICompilerCount                          = 3                                         {product} {ergonomic}
     uint ConcGCThreads                            = 1                                         {product} {ergonomic}
     uint G1ConcRefinementThreads                  = 4                                         {product} {ergonomic}
   size_t G1HeapRegionSize                         = 2097152                                   {product} {ergonomic}
    uintx GCDrainStackTargetSize                   = 64                                        {product} {ergonomic}
   size_t InitialHeapSize                          = 266338304                                 {product} {ergonomic}
     bool ManagementServer                         = true                                      {product} {command line}
   size_t MarkStackSize                            = 4194304                                   {product} {ergonomic}
   size_t MaxHeapSize                              = 4261412864                                {product} {ergonomic}
   size_t MinHeapDeltaBytes                        = 2097152                                   {product} {ergonomic}
   size_t MinHeapSize                              = 8388608                                   {product} {ergonomic}
    uintx NonProfiledCodeHeapSize                  = 0                                      {pd product} {ergonomic}
     bool ProfileInterpreter                       = false                                  {pd product} {command line}
    uintx ProfiledCodeHeapSize                     = 0                                      {pd product} {ergonomic}
   size_t SoftMaxHeapSize                          = 4261412864                             {manageable} {ergonomic}
     intx TieredStopAtLevel                        = 1                                         {product} {command line}
     bool UseCompressedClassPointers               = true                           {product lp64_product} {ergonomic}
     bool UseCompressedOops                        = true                           {product lp64_product} {ergonomic}
     bool UseG1GC                                  = true                                      {product} {ergonomic}
     bool UseLargePagesIndividualAllocation        = false                                  {pd product} {ergonomic}

Logging:
Log output configuration:
 #0: stdout all=warning uptime,level,tags
 #1: stderr all=off uptime,level,tags

Environment Variables:
PATH=C:\Program Files\Common Files\Oracle\Java\javapath;C:\Program Files (x86)\Common Files\Oracle\Java\javapath;C:\ProgramData\Oracle\Java\javapath;C:\Windows\system32;C:\Windows;C:\Windows\System32\Wbem;C:\Windows\System32\WindowsPowerShell\v1.0\;C:\Windows\System32\OpenSSH\;C:\Program Files (x86)\NVIDIA Corporation\PhysX\Common;C:\Program Files\NVIDIA Corporation\NVIDIA NvDLISR;D:\Git\cmd;C:\Users\TRENDSONIC\AppData\Local\Programs\Python\Launcher\;C:\Users\TRENDSONIC\AppData\Local\Microsoft\WindowsApps;
USERNAME=TRENDSONIC
OS=Windows_NT
PROCESSOR_IDENTIFIER=Intel64 Family 6 Model 94 Stepping 3, GenuineIntel



---------------  S Y S T E M  ---------------

OS:
 Windows 10 , 64 bit Build 19041 (10.0.19041.3636)
OS uptime: 1 days 5:01 hours

CPU: total 4 (initial active 4) (4 cores per cpu, 1 threads per core) family 6 model 94 stepping 3 microcode 0xcc, cx8, cmov, fxsr, mmx, 3dnowpref, sse, sse2, sse3, ssse3, sse4.1, sse4.2, popcnt, lzcnt, tsc, tscinvbit, avx, avx2, aes, erms, clmul, bmi1, bmi2, adx, fma, vzeroupper, clflush, clflushopt

Memory: 4k page, system-wide physical 16250M (3471M free)
TotalPageFile size 24678M (AvailPageFile size 5M)
current process WorkingSet (physical memory assigned to process): 10M, peak: 10M
current process commit charge ("private bytes"): 305M, peak: 309M

vm_info: Java HotSpot(TM) 64-Bit Server VM (17.0.8+9-LTS-211) for windows-amd64 JRE (17.0.8+9-LTS-211), built on Jun 14 2023 10:34:31 by "mach5one" with MS VC++ 17.1 (VS2022)

END.
